        -:    0:Source:dominion.c
        -:    0:Graph:dominion.gcno
        -:    0:Data:dominion.gcda
        -:    0:Runs:99
        -:    0:Programs:99
        -:    1:#include "dominion.h"
        -:    2:#include "dominion_helpers.h"
        -:    3:#include "rngs.h"
        -:    4:#include <stdio.h>
        -:    5:#include <math.h>
        -:    6:#include <stdlib.h>
        -:    7:
 75138614:    8:int compare(const void* a, const void* b) {
 75138614:    9:  if (*(int*)a > *(int*)b)
      344:   10:    return 1;
 75138270:   11:  if (*(int*)a < *(int*)b)
 20036865:   12:    return -1;
 55101405:   13:  return 0;
        -:   14:}
        -:   15:
    #####:   16:struct gameState* newGame() {
    #####:   17:  struct gameState* g = malloc(sizeof(struct gameState));
    #####:   18:  return g;
        -:   19:}
        -:   20:
    #####:   21:int* kingdomCards(int k1, int k2, int k3, int k4, int k5, int k6, int k7,
        -:   22:		  int k8, int k9, int k10) {
    #####:   23:  int* k = malloc(10 * sizeof(int));
    #####:   24:  k[0] = k1;
    #####:   25:  k[1] = k2;
    #####:   26:  k[2] = k3;
    #####:   27:  k[3] = k4;
    #####:   28:  k[4] = k5;
    #####:   29:  k[5] = k6;
    #####:   30:  k[6] = k7;
    #####:   31:  k[7] = k8;
    #####:   32:  k[8] = k9;
    #####:   33:  k[9] = k10;
    #####:   34:  return k;
        -:   35:}
        -:   36:
  1670090:   37:int initializeGame(int numPlayers, int kingdomCards[10], int randomSeed,
        -:   38:		   struct gameState *state) {
        -:   39:
        -:   40:  int i;
        -:   41:  int j;
        -:   42:  int it;			
        -:   43:  //set up random number generator
  1670090:   44:  SelectStream(1);
  1670090:   45:  PutSeed((long)randomSeed);
        -:   46:  
        -:   47:  //check number of players
  1670090:   48:  if (numPlayers > MAX_PLAYERS || numPlayers < 2)
        -:   49:    {
    #####:   50:      return -1;
        -:   51:    }
        -:   52:
        -:   53:  //set number of players
  1670090:   54:  state->numPlayers = numPlayers;
        -:   55:
        -:   56:  //check selected kingdom cards are different
 18370990:   57:  for (i = 0; i < 10; i++)
        -:   58:    {
183709900:   59:      for (j = 0; j < 10; j++)
        -:   60:        {
167009000:   61:	  if (j != i && kingdomCards[j] == kingdomCards[i])
        -:   62:	    {
    #####:   63:	      return -1;
        -:   64:	    }
        -:   65:        }
        -:   66:    }
        -:   67:
        -:   68:
        -:   69:  //initialize supply
        -:   70:  ///////////////////////////////
        -:   71:
        -:   72:  //set number of Curse cards
  1670090:   73:  if (numPlayers == 2)
        -:   74:    {
   557336:   75:      state->supplyCount[curse] = 10;
        -:   76:    }
  1112754:   77:  else if (numPlayers == 3)
        -:   78:    {
   556519:   79:      state->supplyCount[curse] = 20;
        -:   80:    }
        -:   81:  else
        -:   82:    {
   556235:   83:      state->supplyCount[curse] = 30;
        -:   84:    }
        -:   85:
        -:   86:  //set number of Victory cards
  1670090:   87:  if (numPlayers == 2)
        -:   88:    {
   557336:   89:      state->supplyCount[estate] = 8;
   557336:   90:      state->supplyCount[duchy] = 8;
   557336:   91:      state->supplyCount[province] = 8;
        -:   92:    }
        -:   93:  else
        -:   94:    {
  1112754:   95:      state->supplyCount[estate] = 12;
  1112754:   96:      state->supplyCount[duchy] = 12;
  1112754:   97:      state->supplyCount[province] = 12;
        -:   98:    }
        -:   99:
        -:  100:  //set number of Treasure cards
  1670090:  101:  state->supplyCount[copper] = 60 - (7 * numPlayers);
  1670090:  102:  state->supplyCount[silver] = 40;
  1670090:  103:  state->supplyCount[gold] = 30;
        -:  104:
        -:  105:  //set number of Kingdom cards
 35071890:  106:  for (i = adventurer; i <= treasure_map; i++)       	//loop all cards
        -:  107:    {
275564850:  108:      for (j = 0; j < 10; j++)           		//loop chosen cards
        -:  109:	{
258863950:  110:	  if (kingdomCards[j] == i)
        -:  111:	    {
        -:  112:	      //check if card is a 'Victory' Kingdom card
 16700900:  113:	      if (kingdomCards[j] == great_hall || kingdomCards[j] == gardens)
        -:  114:		{
  3340180:  115:		  if (numPlayers == 2){ 
   557336:  116:		    state->supplyCount[i] = 8; 
        -:  117:		  }
  1112754:  118:		  else{ state->supplyCount[i] = 12; }
        -:  119:		}
        -:  120:	      else
        -:  121:		{
 15030810:  122:		  state->supplyCount[i] = 10;
        -:  123:		}
 16700900:  124:	      break;
        -:  125:	    }
        -:  126:	  else    //card is not in the set choosen for the game
        -:  127:	    {
242163050:  128:	      state->supplyCount[i] = -1;
        -:  129:	    }
        -:  130:	}
        -:  131:
        -:  132:    }
        -:  133:
        -:  134:  ////////////////////////
        -:  135:  //supply intilization complete
        -:  136:
        -:  137:  //set player decks
  6679259:  138:  for (i = 0; i < numPlayers; i++)
        -:  139:    {
  5009169:  140:      state->deckCount[i] = 0;
 20036676:  141:      for (j = 0; j < 3; j++)
        -:  142:	{
 15027507:  143:	  state->deck[i][j] = estate;
 15027507:  144:	  state->deckCount[i]++;
        -:  145:	}
 40073352:  146:      for (j = 3; j < 10; j++)
        -:  147:	{
 35064183:  148:	  state->deck[i][j] = copper;
 35064183:  149:	  state->deckCount[i]++;		
        -:  150:	}
        -:  151:    }
        -:  152:
        -:  153:  //shuffle player decks
  6679259:  154:  for (i = 0; i < numPlayers; i++)
        -:  155:    {
  5009169:  156:      if ( shuffle(i, state) < 0 )
        -:  157:	{
    #####:  158:	  return -1;
        -:  159:	}
        -:  160:    }
        -:  161:
        -:  162:  //draw player hands
  6679259:  163:  for (i = 0; i < numPlayers; i++)
        -:  164:    {  
        -:  165:      //initialize hand size to zero
  5009169:  166:      state->handCount[i] = 0;
  5009169:  167:      state->discardCount[i] = 0;
        -:  168:      //draw 5 cards
        -:  169:      // for (j = 0; j < 5; j++)
        -:  170:      //	{
        -:  171:      //	  drawCard(i, state);
        -:  172:      //	}
        -:  173:    }
        -:  174:  
        -:  175:  //set embargo tokens to 0 for all supply piles
 46762520:  176:  for (i = 0; i <= treasure_map; i++)
        -:  177:    {
 45092430:  178:      state->embargoTokens[i] = 0;
        -:  179:    }
        -:  180:
        -:  181:  //initialize first player's turn
  1670090:  182:  state->outpostPlayed = 0;
  1670090:  183:  state->phase = 0;
  1670090:  184:  state->numActions = 1;
  1670090:  185:  state->numBuys = 1;
  1670090:  186:  state->playedCardCount = 0;
  1670090:  187:  state->whoseTurn = 0;
  1670090:  188:  state->handCount[state->whoseTurn] = 0;
        -:  189:  //int it; move to top
        -:  190:
        -:  191:  //Moved draw cards to here, only drawing at the start of a turn
 10020540:  192:  for (it = 0; it < 5; it++){
  8350450:  193:    drawCard(state->whoseTurn, state);
        -:  194:  }
        -:  195:
  1670090:  196:  updateCoins(state->whoseTurn, state, 0);
        -:  197:
  1670090:  198:  return 0;
        -:  199:}
        -:  200:
  5092404:  201:int shuffle(int player, struct gameState *state) {
        -:  202: 
        -:  203:
        -:  204:  int newDeck[MAX_DECK];
  5092404:  205:  int newDeckPos = 0;
        -:  206:  int card;
        -:  207:  int i;
        -:  208:
  5092404:  209:  if (state->deckCount[player] < 1)
    83157:  210:    return -1;
  5009247:  211:  qsort ((void*)(state->deck[player]), state->deckCount[player], sizeof(int), compare); 
        -:  212:  /* SORT CARDS IN DECK TO ENSURE DETERMINISM! */
        -:  213:
 60110769:  214:  while (state->deckCount[player] > 0) {
 50092275:  215:    card = floor(Random() * state->deckCount[player]);
 50092275:  216:    newDeck[newDeckPos] = state->deck[player][card];
 50092275:  217:    newDeckPos++;
170005583:  218:    for (i = card; i < state->deckCount[player]-1; i++) {
119913308:  219:      state->deck[player][i] = state->deck[player][i+1];
        -:  220:    }
 50092275:  221:    state->deckCount[player]--;
        -:  222:  }
 55101522:  223:  for (i = 0; i < newDeckPos; i++) {
 50092275:  224:    state->deck[player][i] = newDeck[i];
 50092275:  225:    state->deckCount[player]++;
        -:  226:  }
        -:  227:
  5009247:  228:  return 0;
        -:  229:}
        -:  230:
    #####:  231:int playCard(int handPos, int choice1, int choice2, int choice3, struct gameState *state) 
        -:  232:{	
        -:  233:  int card;
    #####:  234:  int coin_bonus = 0; 		//tracks coins gain from actions
        -:  235:
        -:  236:  //check if it is the right phase
    #####:  237:  if (state->phase != 0)
        -:  238:    {
    #####:  239:      return -1;
        -:  240:    }
        -:  241:	
        -:  242:  //check if player has enough actions
    #####:  243:  if ( state->numActions < 1 )
        -:  244:    {
    #####:  245:      return -1;
        -:  246:    }
        -:  247:	
        -:  248:  //get card played
    #####:  249:  card = handCard(handPos, state);
        -:  250:	
        -:  251:  //check if selected card is an action
    #####:  252:  if ( card < adventurer || card > treasure_map )
        -:  253:    {
    #####:  254:      return -1;
        -:  255:    }
        -:  256:	
        -:  257:  //play card
    #####:  258:  if ( cardEffect(card, choice1, choice2, choice3, state, handPos, &coin_bonus) < 0 )
        -:  259:    {
    #####:  260:      return -1;
        -:  261:    }
        -:  262:	
        -:  263:  //reduce number of actions
    #####:  264:  state->numActions--;
        -:  265:
        -:  266:  //update coins (Treasure cards may be added with card draws)
    #####:  267:  updateCoins(state->whoseTurn, state, coin_bonus);
        -:  268:	
    #####:  269:  return 0;
        -:  270:}
        -:  271:
       78:  272:int buyCard(int supplyPos, struct gameState *state) {
        -:  273:  int who;
        -:  274:  if (DEBUG){
        -:  275:    printf("Entering buyCard...\n");
        -:  276:  }
        -:  277:
        -:  278:  // I don't know what to do about the phase thing.
        -:  279:
       78:  280:  who = state->whoseTurn;
        -:  281:
       78:  282:  if (state->numBuys < 1){
        -:  283:    if (DEBUG)
        -:  284:      printf("You do not have any buys left\n");
       13:  285:    return -1;
       65:  286:  } else if (supplyCount(supplyPos, state) <1){
        -:  287:    if (DEBUG)
        -:  288:      printf("There are not any of that type of card left\n");
       26:  289:    return -1;
       39:  290:  } else if (state->coins < getCost(supplyPos)){
        -:  291:    if (DEBUG) 
        -:  292:      printf("You do not have enough money to buy that. You have %d coins.\n", state->coins);
    #####:  293:    return -1;
        -:  294:  } else {
       39:  295:    state->phase=1;
        -:  296:    //state->supplyCount[supplyPos]--;
       39:  297:    gainCard(supplyPos, state, 2, who); //card goes in discard, this might be wrong.. (2 means goes into hand, 0 goes into discard)
        -:  298:  
       39:  299:    state->coins = (state->coins) - (getCost(supplyPos));
       39:  300:    state->numBuys--;
        -:  301:    if (DEBUG)
        -:  302:      printf("You bought card number %d for %d coins. You now have %d buys and %d coins.\n", supplyPos, getCost(supplyPos), state->numBuys, state->coins);
        -:  303:  }
        -:  304:
        -:  305:  //state->discard[who][state->discardCount[who]] = supplyPos;
        -:  306:  //state->discardCount[who]++;
        -:  307:    
       39:  308:  return 0;
        -:  309:}
        -:  310:
    #####:  311:int numHandCards(struct gameState *state) {
    #####:  312:  return state->handCount[ whoseTurn(state) ];
        -:  313:}
        -:  314:
    #####:  315:int handCard(int handPos, struct gameState *state) {
    #####:  316:  int currentPlayer = whoseTurn(state);
    #####:  317:  return state->hand[currentPlayer][handPos];
        -:  318:}
        -:  319:
      276:  320:int supplyCount(int card, struct gameState *state) {
      276:  321:  return state->supplyCount[card];
        -:  322:}
        -:  323:
      104:  324:int fullDeckCount(int player, int card, struct gameState *state) {
        -:  325:  int i;
      104:  326:  int count = 0;
        -:  327:
      676:  328:  for (i = 0; i < state->deckCount[player]; i++)
        -:  329:    {
      572:  330:      if (state->deck[player][i] == card) count++;
        -:  331:    }
        -:  332:
      754:  333:  for (i = 0; i < state->handCount[player]; i++)
        -:  334:    {
      650:  335:      if (state->hand[player][i] == card) count++;
        -:  336:    }
        -:  337:
      130:  338:  for (i = 0; i < state->discardCount[player]; i++)
        -:  339:    {
       26:  340:      if (state->discard[player][i] == card) count++;
        -:  341:    }
        -:  342:
      104:  343:  return count;
        -:  344:}
        -:  345:
    #####:  346:int whoseTurn(struct gameState *state) {
    #####:  347:  return state->whoseTurn;
        -:  348:}
        -:  349:
    #####:  350:int endTurn(struct gameState *state) {
        -:  351:  int k;
        -:  352:  int i;
    #####:  353:  int currentPlayer = whoseTurn(state);
        -:  354:  
        -:  355:  //Discard hand
    #####:  356:  for (i = 0; i < state->handCount[currentPlayer]; i++){
    #####:  357:    state->discard[currentPlayer][state->discardCount[currentPlayer]++] = state->hand[currentPlayer][i];//Discard
    #####:  358:    state->hand[currentPlayer][i] = -1;//Set card to -1
        -:  359:  }
    #####:  360:  state->handCount[currentPlayer] = 0;//Reset hand count
        -:  361:    
        -:  362:  //Code for determining the player
    #####:  363:  if (currentPlayer < (state->numPlayers - 1)){ 
    #####:  364:    state->whoseTurn = currentPlayer + 1;//Still safe to increment
        -:  365:  }
        -:  366:  else{
    #####:  367:    state->whoseTurn = 0;//Max player has been reached, loop back around to player 1
        -:  368:  }
        -:  369:
    #####:  370:  state->outpostPlayed = 0;
    #####:  371:  state->phase = 0;
    #####:  372:  state->numActions = 1;
    #####:  373:  state->coins = 0;
    #####:  374:  state->numBuys = 1;
    #####:  375:  state->playedCardCount = 0;
    #####:  376:  state->handCount[state->whoseTurn] = 0;
        -:  377:
        -:  378:  //int k; move to top
        -:  379:  //Next player draws hand
    #####:  380:  for (k = 0; k < 5; k++){
    #####:  381:    drawCard(state->whoseTurn, state);//Draw a card
        -:  382:  }
        -:  383:
        -:  384:  //Update money
    #####:  385:  updateCoins(state->whoseTurn, state , 0);
        -:  386:
    #####:  387:  return 0;
        -:  388:}
        -:  389:
    #####:  390:int isGameOver(struct gameState *state) {
        -:  391:  int i;
        -:  392:  int j;
        -:  393:	
        -:  394:  //if stack of Province cards is empty, the game ends
    #####:  395:  if (state->supplyCount[province] == 0)
        -:  396:    {
    #####:  397:      return 1;
        -:  398:    }
        -:  399:
        -:  400:  //if three supply pile are at 0, the game ends
    #####:  401:  j = 0;
    #####:  402:  for (i = 0; i < 25; i++)
        -:  403:    {
    #####:  404:      if (state->supplyCount[i] == 0)
        -:  405:	{
    #####:  406:	  j++;
        -:  407:	}
        -:  408:    }
    #####:  409:  if ( j >= 3)
        -:  410:    {
    #####:  411:      return 1;
        -:  412:    }
        -:  413:
    #####:  414:  return 0;
        -:  415:}
        -:  416:
    #####:  417:int scoreFor (int player, struct gameState *state) {
        -:  418:
        -:  419:  int i;
    #####:  420:  int score = 0;
        -:  421:  //score from hand
    #####:  422:  for (i = 0; i < state->handCount[player]; i++)
        -:  423:    {
    #####:  424:      if (state->hand[player][i] == curse) { score = score - 1; };
    #####:  425:      if (state->hand[player][i] == estate) { score = score + 1; };
    #####:  426:      if (state->hand[player][i] == duchy) { score = score + 3; };
    #####:  427:      if (state->hand[player][i] == province) { score = score + 6; };
    #####:  428:      if (state->hand[player][i] == great_hall) { score = score + 1; };
    #####:  429:      if (state->hand[player][i] == gardens) { score = score + ( fullDeckCount(player, 0, state) / 10 ); };
        -:  430:    }
        -:  431:
        -:  432:  //score from discard
    #####:  433:  for (i = 0; i < state->discardCount[player]; i++)
        -:  434:    {
    #####:  435:      if (state->discard[player][i] == curse) { score = score - 1; };
    #####:  436:      if (state->discard[player][i] == estate) { score = score + 1; };
    #####:  437:      if (state->discard[player][i] == duchy) { score = score + 3; };
    #####:  438:      if (state->discard[player][i] == province) { score = score + 6; };
    #####:  439:      if (state->discard[player][i] == great_hall) { score = score + 1; };
    #####:  440:      if (state->discard[player][i] == gardens) { score = score + ( fullDeckCount(player, 0, state) / 10 ); };
        -:  441:    }
        -:  442:
        -:  443:  //score from deck
    #####:  444:  for (i = 0; i < state->discardCount[player]; i++)
        -:  445:    {
    #####:  446:      if (state->deck[player][i] == curse) { score = score - 1; };
    #####:  447:      if (state->deck[player][i] == estate) { score = score + 1; };
    #####:  448:      if (state->deck[player][i] == duchy) { score = score + 3; };
    #####:  449:      if (state->deck[player][i] == province) { score = score + 6; };
    #####:  450:      if (state->deck[player][i] == great_hall) { score = score + 1; };
    #####:  451:      if (state->deck[player][i] == gardens) { score = score + ( fullDeckCount(player, 0, state) / 10 ); };
        -:  452:    }
        -:  453:
    #####:  454:  return score;
        -:  455:}
        -:  456:
    #####:  457:int getWinners(int players[MAX_PLAYERS], struct gameState *state) {
        -:  458:  int i;	
        -:  459:  int j;
        -:  460:  int highScore;
        -:  461:  int currentPlayer;
        -:  462:
        -:  463:  //get score for each player
    #####:  464:  for (i = 0; i < MAX_PLAYERS; i++)
        -:  465:    {
        -:  466:      //set unused player scores to -9999
    #####:  467:      if (i >= state->numPlayers)
        -:  468:	{
    #####:  469:	  players[i] = -9999;
        -:  470:	}
        -:  471:      else
        -:  472:	{
    #####:  473:	  players[i] = scoreFor (i, state);
        -:  474:	}
        -:  475:    }
        -:  476:
        -:  477:  //find highest score
    #####:  478:  j = 0;
    #####:  479:  for (i = 0; i < MAX_PLAYERS; i++)
        -:  480:    {
    #####:  481:      if (players[i] > players[j])
        -:  482:	{
    #####:  483:	  j = i;
        -:  484:	}
        -:  485:    }
    #####:  486:  highScore = players[j];
        -:  487:
        -:  488:  //add 1 to players who had less turns
    #####:  489:  currentPlayer = whoseTurn(state);
    #####:  490:  for (i = 0; i < MAX_PLAYERS; i++)
        -:  491:    {
    #####:  492:      if ( players[i] == highScore && i > currentPlayer )
        -:  493:	{
    #####:  494:	  players[i]++;
        -:  495:	}
        -:  496:    }
        -:  497:
        -:  498:  //find new highest score
    #####:  499:  j = 0;
    #####:  500:  for (i = 0; i < MAX_PLAYERS; i++)
        -:  501:    {
    #####:  502:      if ( players[i] > players[j] )
        -:  503:	{
    #####:  504:	  j = i;
        -:  505:	}
        -:  506:    }
    #####:  507:  highScore = players[j];
        -:  508:
        -:  509:  //set winners in array to 1 and rest to 0
    #####:  510:  for (i = 0; i < MAX_PLAYERS; i++)
        -:  511:    {
    #####:  512:      if ( players[i] == highScore )
        -:  513:	{
    #####:  514:	  players[i] = 1;
        -:  515:	}
        -:  516:      else
        -:  517:	{
    #####:  518:	  players[i] = 0;
        -:  519:	}
        -:  520:    }
        -:  521:
    #####:  522:  return 0;
        -:  523:}
        -:  524:
 50701711:  525:int drawCard(int player, struct gameState *state)
        -:  526:{	int count;
        -:  527:  int deckCounter;
 50701711:  528:  if (state->deckCount[player] <= 0){//Deck is empty
        -:  529:    
        -:  530:    //Step 1 Shuffle the discard pile back into a deck
        -:  531:    int i;
        -:  532:    //Move discard to deck
    41593:  533:    for (i = 0; i < state->discardCount[player];i++){
    #####:  534:      state->deck[player][i] = state->discard[player][i];
    #####:  535:      state->discard[player][i] = -1;
        -:  536:    }
        -:  537:
    41593:  538:    state->deckCount[player] = state->discardCount[player];
    41593:  539:    state->discardCount[player] = 0;//Reset discard
        -:  540:
        -:  541:    //Shufffle the deck
    41593:  542:    shuffle(player, state);//Shuffle the deck up and make it so that we can draw
        -:  543:   
        -:  544:    if (DEBUG){//Debug statements
        -:  545:      printf("Deck count now: %d\n", state->deckCount[player]);
        -:  546:    }
        -:  547:    
    41593:  548:    state->discardCount[player] = 0;
        -:  549:
        -:  550:    //Step 2 Draw Card
    41593:  551:    count = state->handCount[player];//Get current player's hand count
        -:  552:    
        -:  553:    if (DEBUG){//Debug statements
        -:  554:      printf("Current hand count: %d\n", count);
        -:  555:    }
        -:  556:    
    41593:  557:    deckCounter = state->deckCount[player];//Create a holder for the deck count
        -:  558:
    41593:  559:    if (deckCounter == 0)
    41593:  560:      return -1;
        -:  561:
    #####:  562:    state->hand[player][count] = state->deck[player][deckCounter - 1];//Add card to hand
    #####:  563:    state->deckCount[player]--;
    #####:  564:    state->handCount[player]++;//Increment hand count
        -:  565:  }
        -:  566:
        -:  567:  else{
 50660118:  568:    int count = state->handCount[player];//Get current hand count for player
        -:  569:    int deckCounter;
        -:  570:    if (DEBUG){//Debug statements
        -:  571:      printf("Current hand count: %d\n", count);
        -:  572:    }
        -:  573:
 50660118:  574:    deckCounter = state->deckCount[player];//Create holder for the deck count
 50660118:  575:    state->hand[player][count] = state->deck[player][deckCounter - 1];//Add card to the hand
 50660118:  576:    state->deckCount[player]--;
 50660118:  577:    state->handCount[player]++;//Increment hand count
        -:  578:  }
        -:  579:
 50660118:  580:  return 0;
        -:  581:}
        -:  582:
       91:  583:int getCost(int cardNumber)
        -:  584:{
       91:  585:  switch( cardNumber ) 
        -:  586:    {
        -:  587:    case curse:
       26:  588:      return 0;
        -:  589:    case estate:
       26:  590:      return 2;
        -:  591:    case duchy:
       39:  592:      return 5;
        -:  593:    case province:
    #####:  594:      return 8;
        -:  595:    case copper:
    #####:  596:      return 0;
        -:  597:    case silver:
    #####:  598:      return 3;
        -:  599:    case gold:
    #####:  600:      return 6;
        -:  601:    case adventurer:
    #####:  602:      return 6;
        -:  603:    case council_room:
    #####:  604:      return 5;
        -:  605:    case feast:
    #####:  606:      return 4;
        -:  607:    case gardens:
    #####:  608:      return 4;
        -:  609:    case mine:
    #####:  610:      return 5;
        -:  611:    case remodel:
    #####:  612:      return 4;
        -:  613:    case smithy:
    #####:  614:      return 4;
        -:  615:    case village:
    #####:  616:      return 3;
        -:  617:    case baron:
    #####:  618:      return 4;
        -:  619:    case great_hall:
    #####:  620:      return 3;
        -:  621:    case minion:
    #####:  622:      return 5;
        -:  623:    case steward:
    #####:  624:      return 3;
        -:  625:    case tribute:
    #####:  626:      return 5;
        -:  627:    case ambassador:
    #####:  628:      return 3;
        -:  629:    case cutpurse:
    #####:  630:      return 4;
        -:  631:    case embargo: 
    #####:  632:      return 2;
        -:  633:    case outpost:
    #####:  634:      return 5;
        -:  635:    case salvager:
    #####:  636:      return 4;
        -:  637:    case sea_hag:
    #####:  638:      return 4;
        -:  639:    case treasure_map:
    #####:  640:      return 4;
        -:  641:    }
        -:  642:	
    #####:  643:  return -1;
        -:  644:}
        -:  645:
        -:  646:/****************************************************
        -:  647:Refactored code functions
        -:  648:****************************************************/
  1500000:  649:void adventurerCard(int drawntreasure, int currentPlayer, struct gameState *state, int z, int *temphand)
        -:  650:{
        -:  651:
        -:  652:  //top card of hand is most recently drawn card.
        -:  653: 
        -:  654:
 18038970:  655:  while(drawntreasure<2){
 15038970:  656:    if (state->deckCount[currentPlayer] <1){//if the deck is empty we need to shuffle discard and add to deck
    41538:  657:      shuffle(currentPlayer, state);
        -:  658:    }
 15038970:  659:    drawCard(currentPlayer, state);
 15038970:  660:    int cardDrawn = state->hand[currentPlayer][state->handCount[currentPlayer]-1];
 15038970:  661:    if (cardDrawn == copper || cardDrawn == silver || cardDrawn == gold)
  3000000:  662:      drawntreasure++;
        -:  663:    else{
 12038970:  664:      temphand[z]=cardDrawn;
 12038970:  665:      state->handCount[currentPlayer]++; //this should just remove the top card (the most recently drawn one).
 12038970:  666:      z++;                              //bug introduced: increment instead of decrement
        -:  667:    }
        -:  668:  }
 15038970:  669:  while(z-1>=0){
 12038970:  670:    state->discard[currentPlayer][state->discardCount[currentPlayer]++]=temphand[z-1]; // discard all cards in play that have been drawn
 12038970:  671:    z=z-1;
        -:  672:  }
  1500000:  673:}
        -:  674:
  1133855:  675:void smithyCard(int currentPlayer, struct gameState *state, int handPos)
        -:  676:{
  1133855:  677:      for (int i = 0; i == 3; i++)   //bug introduced: draws 4 times instead of 3
        -:  678:  {
    #####:  679:    drawCard(currentPlayer, state);
        -:  680:  }
        -:  681:      
        -:  682:      //discard card from hand
  1133855:  683:      discardCard(handPos, currentPlayer, state, 0);
        -:  684:  
  1133855:  685:}
        -:  686:
  1180952:  687:void council_roomCard(int currentPlayer, struct gameState *state, int handPos)
        -:  688:{
  5904760:  689:  for (int i = 0; i < 4; i++)
        -:  690:  {
  4723808:  691:    drawCard(currentPlayer, state);
        -:  692:  }
        -:  693:      
        -:  694:      //+1 Buy
  1180952:  695:      state->numBuys++;
        -:  696:      
        -:  697:      //Each other player draws a card
  4788657:  698:  for (int i = 0; i < state->numPlayers; i++)
        -:  699:  {
  3607705:  700:        drawCard(i, state);     //bug introduced: no if statement to check for current player
        -:  701:  }
        -:  702:      
        -:  703:      //put played card in played card pile
  1180952:  704:      discardCard(handPos, currentPlayer, state, 0);
        -:  705:      
  1180952:  706:}
        -:  707:
    #####:  708:void villageCard(int currentPlayer, struct gameState *state, int handPos)
        -:  709:{
        -:  710:      //+1 Card
    #####:  711:      drawCard(currentPlayer, state);
        -:  712:      
        -:  713:      //+2 Actions
    #####:  714:      state->numActions = state->numActions + 2;
        -:  715:      
        -:  716:      //discard played card from hand
    #####:  717:      discardCard(handPos, currentPlayer, state, 0);
    #####:  718:}
        -:  719:
    #####:  720:void stewardCard(int choice1, int choice2, int choice3, int currentPlayer, struct gameState *state, int handPos)
        -:  721:{
    #####:  722:        if (choice1 == 1)
        -:  723:  {
        -:  724:    //+2 cards
    #####:  725:    drawCard(currentPlayer, state);
    #####:  726:    drawCard(currentPlayer, state);
        -:  727:  }
    #####:  728:      else if (choice1 == 2)
        -:  729:  {
        -:  730:    //+2 coins
    #####:  731:    state->coins = state->coins + 2;
        -:  732:  }
        -:  733:      else
        -:  734:  {
        -:  735:    //trash 2 cards in hand
    #####:  736:    discardCard(choice2, currentPlayer, state, 1);
    #####:  737:    discardCard(choice3, currentPlayer, state, 1);
        -:  738:
        -:  739:          //discard card from hand
    #####:  740:    discardCard(handPos, currentPlayer, state, 0);          //bug introduced: only discards steward in 3rd choice
        -:  741:  }
        -:  742:      
        -:  743:
    #####:  744:  }
        -:  745:
    #####:  746:int cardEffect(int card, int choice1, int choice2, int choice3, struct gameState *state, int handPos, int *bonus)
        -:  747:{
        -:  748:  int i;
        -:  749:  int j;
        -:  750:  int k;
        -:  751:  int x;
        -:  752:  int index;
    #####:  753:  int currentPlayer = whoseTurn(state);
    #####:  754:  int nextPlayer = currentPlayer + 1;
        -:  755:
    #####:  756:  int tributeRevealedCards[2] = {-1, -1};
        -:  757:  int temphand[MAX_HAND];// moved above the if statement
    #####:  758:  int drawntreasure=0;
        -:  759:  //int cardDrawn;
    #####:  760:  int z = 0;// this is the counter for the temp hand
    #####:  761:  if (nextPlayer > (state->numPlayers - 1)){
    #####:  762:    nextPlayer = 0;
        -:  763:  }
        -:  764:  
        -:  765:	
        -:  766:  //uses switch to select card and perform actions
    #####:  767:  switch( card ) 
        -:  768:    {
        -:  769:		
        -:  770:    case adventurer:
        -:  771:
    #####:  772:      adventurerCard(drawntreasure, currentPlayer, state, z, temphand);
    #####:  773:      return 0;
        -:  774:
        -:  775:    case council_room:
        -:  776:
    #####:  777:      council_roomCard(currentPlayer, state, handPos);
    #####:  778:      return 0;
        -:  779:
        -:  780:    case feast:
        -:  781:      //gain card with cost up to 5
        -:  782:      //Backup hand
    #####:  783:      for (i = 0; i <= state->handCount[currentPlayer]; i++){
    #####:  784:	temphand[i] = state->hand[currentPlayer][i];//Backup card
    #####:  785:	state->hand[currentPlayer][i] = -1;//Set to nothing
        -:  786:      }
        -:  787:      //Backup hand
        -:  788:
        -:  789:      //Update Coins for Buy
    #####:  790:      updateCoins(currentPlayer, state, 5);
    #####:  791:      x = 1;//Condition to loop on
    #####:  792:      while( x == 1) {//Buy one card
    #####:  793:	if (supplyCount(choice1, state) <= 0){
        -:  794:	  if (DEBUG)
        -:  795:	    printf("None of that card left, sorry!\n");
        -:  796:
        -:  797:	  if (DEBUG){
        -:  798:	    printf("Cards Left: %d\n", supplyCount(choice1, state));
        -:  799:	  }
        -:  800:	}
    #####:  801:	else if (state->coins < getCost(choice1)){
    #####:  802:	  printf("That card is too expensive!\n");
        -:  803:
        -:  804:	  if (DEBUG){
        -:  805:	    printf("Coins: %d < %d\n", state->coins, getCost(choice1));
        -:  806:	  }
        -:  807:	}
        -:  808:	else{
        -:  809:
        -:  810:	  if (DEBUG){
        -:  811:	    printf("Deck Count: %d\n", state->handCount[currentPlayer] + state->deckCount[currentPlayer] + state->discardCount[currentPlayer]);
        -:  812:	  }
        -:  813:
    #####:  814:	  gainCard(choice1, state, 0, currentPlayer);//Gain the card
    #####:  815:	  x = 0;//No more buying cards
        -:  816:
        -:  817:	  if (DEBUG){
        -:  818:	    printf("Deck Count: %d\n", state->handCount[currentPlayer] + state->deckCount[currentPlayer] + state->discardCount[currentPlayer]);
        -:  819:	  }
        -:  820:
        -:  821:	}
        -:  822:      }     
        -:  823:
        -:  824:      //Reset Hand
    #####:  825:      for (i = 0; i <= state->handCount[currentPlayer]; i++){
    #####:  826:	state->hand[currentPlayer][i] = temphand[i];
    #####:  827:	temphand[i] = -1;
        -:  828:      }
        -:  829:      //Reset Hand
        -:  830:      			
    #####:  831:      return 0;
        -:  832:			
        -:  833:    case gardens:
    #####:  834:      return -1;
        -:  835:			
        -:  836:    case mine:
    #####:  837:      j = state->hand[currentPlayer][choice1];  //store card we will trash
        -:  838:
    #####:  839:      if (state->hand[currentPlayer][choice1] < copper || state->hand[currentPlayer][choice1] > gold)
        -:  840:	{
    #####:  841:	  return -1;
        -:  842:	}
        -:  843:		
    #####:  844:      if (choice2 > treasure_map || choice2 < curse)
        -:  845:	{
    #####:  846:	  return -1;
        -:  847:	}
        -:  848:
    #####:  849:      if ( (getCost(state->hand[currentPlayer][choice1]) + 3) > getCost(choice2) )
        -:  850:	{
    #####:  851:	  return -1;
        -:  852:	}
        -:  853:
    #####:  854:      gainCard(choice2, state, 2, currentPlayer);
        -:  855:
        -:  856:      //discard card from hand
    #####:  857:      discardCard(handPos, currentPlayer, state, 0);
        -:  858:
        -:  859:      //discard trashed card
    #####:  860:      for (i = 0; i < state->handCount[currentPlayer]; i++)
        -:  861:	{
    #####:  862:	  if (state->hand[currentPlayer][i] == j)
        -:  863:	    {
    #####:  864:	      discardCard(i, currentPlayer, state, 0);			
    #####:  865:	      break;
        -:  866:	    }
        -:  867:	}
        -:  868:			
    #####:  869:      return 0;
        -:  870:			
        -:  871:    case remodel:
    #####:  872:      j = state->hand[currentPlayer][choice1];  //store card we will trash
        -:  873:
    #####:  874:      if ( (getCost(state->hand[currentPlayer][choice1]) + 2) > getCost(choice2) )
        -:  875:	{
    #####:  876:	  return -1;
        -:  877:	}
        -:  878:
    #####:  879:      gainCard(choice2, state, 0, currentPlayer);
        -:  880:
        -:  881:      //discard card from hand
    #####:  882:      discardCard(handPos, currentPlayer, state, 0);
        -:  883:
        -:  884:      //discard trashed card
    #####:  885:      for (i = 0; i < state->handCount[currentPlayer]; i++)
        -:  886:	{
    #####:  887:	  if (state->hand[currentPlayer][i] == j)
        -:  888:	    {
    #####:  889:	      discardCard(i, currentPlayer, state, 0);			
    #####:  890:	      break;
        -:  891:	    }
        -:  892:	}
        -:  893:
        -:  894:
    #####:  895:      return 0;
        -:  896:		
        -:  897:      case smithy:
        -:  898:
    #####:  899:        smithyCard(currentPlayer, state, handPos);
    #####:  900:        return 0;
        -:  901:
        -:  902:      case village:
        -:  903:
    #####:  904:        villageCard(currentPlayer, state, handPos);
    #####:  905:        return 0;
        -:  906:		
        -:  907:    case baron:
    #####:  908:      state->numBuys++;//Increase buys by 1!
    #####:  909:      if (choice1 > 0){//Boolean true or going to discard an estate
    #####:  910:	int p = 0;//Iterator for hand!
    #####:  911:	int card_not_discarded = 1;//Flag for discard set!
    #####:  912:	while(card_not_discarded){
    #####:  913:	  if (state->hand[currentPlayer][p] == estate){//Found an estate card!
    #####:  914:	    state->coins += 4;//Add 4 coins to the amount of coins
    #####:  915:	    state->discard[currentPlayer][state->discardCount[currentPlayer]] = state->hand[currentPlayer][p];
    #####:  916:	    state->discardCount[currentPlayer]++;
    #####:  917:	    for (;p < state->handCount[currentPlayer]; p++){
    #####:  918:	      state->hand[currentPlayer][p] = state->hand[currentPlayer][p+1];
        -:  919:	    }
    #####:  920:	    state->hand[currentPlayer][state->handCount[currentPlayer]] = -1;
    #####:  921:	    state->handCount[currentPlayer]--;
    #####:  922:	    card_not_discarded = 0;//Exit the loop
        -:  923:	  }
    #####:  924:	  else if (p > state->handCount[currentPlayer]){
        -:  925:	    if(DEBUG) {
        -:  926:	      printf("No estate cards in your hand, invalid choice\n");
        -:  927:	      printf("Must gain an estate if there are any\n");
        -:  928:	    }
    #####:  929:	    if (supplyCount(estate, state) > 0){
    #####:  930:	      gainCard(estate, state, 0, currentPlayer);
    #####:  931:	      state->supplyCount[estate]--;//Decrement estates
    #####:  932:	      if (supplyCount(estate, state) == 0){
    #####:  933:		isGameOver(state);
        -:  934:	      }
        -:  935:	    }
    #####:  936:	    card_not_discarded = 0;//Exit the loop
        -:  937:	  }
        -:  938:			    
        -:  939:	  else{
    #####:  940:	    p++;//Next card
        -:  941:	  }
        -:  942:	}
        -:  943:      }
        -:  944:			    
        -:  945:      else{
    #####:  946:	if (supplyCount(estate, state) > 0){
    #####:  947:	  gainCard(estate, state, 0, currentPlayer);//Gain an estate
    #####:  948:	  state->supplyCount[estate]--;//Decrement Estates
    #####:  949:	  if (supplyCount(estate, state) == 0){
    #####:  950:	    isGameOver(state);
        -:  951:	  }
        -:  952:	}
        -:  953:      }
        -:  954:	    
        -:  955:      
    #####:  956:      return 0;
        -:  957:		
        -:  958:    case great_hall:
        -:  959:      //+1 Card
    #####:  960:      drawCard(currentPlayer, state);
        -:  961:			
        -:  962:      //+1 Actions
    #####:  963:      state->numActions++;
        -:  964:			
        -:  965:      //discard card from hand
    #####:  966:      discardCard(handPos, currentPlayer, state, 0);
    #####:  967:      return 0;
        -:  968:		
        -:  969:    case minion:
        -:  970:      //+1 action
    #####:  971:      state->numActions++;
        -:  972:			
        -:  973:      //discard card from hand
    #####:  974:      discardCard(handPos, currentPlayer, state, 0);
        -:  975:			
    #####:  976:      if (choice1)		//+2 coins
        -:  977:	{
    #####:  978:	  state->coins = state->coins + 2;
        -:  979:	}
        -:  980:			
    #####:  981:      else if (choice2)		//discard hand, redraw 4, other players with 5+ cards discard hand and draw 4
        -:  982:	{
        -:  983:	  //discard hand
    #####:  984:	  while(numHandCards(state) > 0)
        -:  985:	    {
    #####:  986:	      discardCard(handPos, currentPlayer, state, 0);
        -:  987:	    }
        -:  988:				
        -:  989:	  //draw 4
    #####:  990:	  for (i = 0; i < 4; i++)
        -:  991:	    {
    #####:  992:	      drawCard(currentPlayer, state);
        -:  993:	    }
        -:  994:				
        -:  995:	  //other players discard hand and redraw if hand size > 4
    #####:  996:	  for (i = 0; i < state->numPlayers; i++)
        -:  997:	    {
    #####:  998:	      if (i != currentPlayer)
        -:  999:		{
    #####: 1000:		  if ( state->handCount[i] > 4 )
        -: 1001:		    {
        -: 1002:		      //discard hand
    #####: 1003:		      while( state->handCount[i] > 0 )
        -: 1004:			{
    #####: 1005:			  discardCard(handPos, i, state, 0);
        -: 1006:			}
        -: 1007:							
        -: 1008:		      //draw 4
    #####: 1009:		      for (j = 0; j < 4; j++)
        -: 1010:			{
    #####: 1011:			  drawCard(i, state);
        -: 1012:			}
        -: 1013:		    }
        -: 1014:		}
        -: 1015:	    }
        -: 1016:				
        -: 1017:	}
    #####: 1018:      return 0;
        -: 1019:		
        -: 1020:    case steward:
        -: 1021:
    #####: 1022:      stewardCard(choice1, choice2, choice3, currentPlayer, state, handPos);
    #####: 1023:      return 0;
        -: 1024:		
        -: 1025:    case tribute:
    #####: 1026:      if ((state->discardCount[nextPlayer] + state->deckCount[nextPlayer]) <= 1){
    #####: 1027:	if (state->deckCount[nextPlayer] > 0){
    #####: 1028:	  tributeRevealedCards[0] = state->deck[nextPlayer][state->deckCount[nextPlayer]-1];
    #####: 1029:	  state->deckCount[nextPlayer]--;
        -: 1030:	}
    #####: 1031:	else if (state->discardCount[nextPlayer] > 0){
    #####: 1032:	  tributeRevealedCards[0] = state->discard[nextPlayer][state->discardCount[nextPlayer]-1];
    #####: 1033:	  state->discardCount[nextPlayer]--;
        -: 1034:	}
        -: 1035:	else{
        -: 1036:	  //No Card to Reveal
        -: 1037:	  if (DEBUG){
        -: 1038:	    printf("No cards to reveal\n");
        -: 1039:	  }
        -: 1040:	}
        -: 1041:      }
        -: 1042:	    
        -: 1043:      else{
    #####: 1044:	if (state->deckCount[nextPlayer] == 0){
    #####: 1045:	  for (i = 0; i < state->discardCount[nextPlayer]; i++){
    #####: 1046:	    state->deck[nextPlayer][i] = state->discard[nextPlayer][i];//Move to deck
    #####: 1047:	    state->deckCount[nextPlayer]++;
    #####: 1048:	    state->discard[nextPlayer][i] = -1;
    #####: 1049:	    state->discardCount[nextPlayer]--;
        -: 1050:	  }
        -: 1051:			    
    #####: 1052:	  shuffle(nextPlayer,state);//Shuffle the deck
        -: 1053:	} 
    #####: 1054:	tributeRevealedCards[0] = state->deck[nextPlayer][state->deckCount[nextPlayer]-1];
    #####: 1055:	state->deck[nextPlayer][state->deckCount[nextPlayer]--] = -1;
    #####: 1056:	state->deckCount[nextPlayer]--;
    #####: 1057:	tributeRevealedCards[1] = state->deck[nextPlayer][state->deckCount[nextPlayer]-1];
    #####: 1058:	state->deck[nextPlayer][state->deckCount[nextPlayer]--] = -1;
    #####: 1059:	state->deckCount[nextPlayer]--;
        -: 1060:      }    
        -: 1061:		       
    #####: 1062:      if (tributeRevealedCards[0] == tributeRevealedCards[1]){//If we have a duplicate card, just drop one 
    #####: 1063:	state->playedCards[state->playedCardCount] = tributeRevealedCards[1];
    #####: 1064:	state->playedCardCount++;
    #####: 1065:	tributeRevealedCards[1] = -1;
        -: 1066:      }
        -: 1067:
    #####: 1068:      for (i = 0; i <= 2; i ++){
    #####: 1069:	if (tributeRevealedCards[i] == copper || tributeRevealedCards[i] == silver || tributeRevealedCards[i] == gold){//Treasure cards
    #####: 1070:	  state->coins += 2;
        -: 1071:	}
        -: 1072:		    
    #####: 1073:	else if (tributeRevealedCards[i] == estate || tributeRevealedCards[i] == duchy || tributeRevealedCards[i] == province || tributeRevealedCards[i] == gardens || tributeRevealedCards[i] == great_hall){//Victory Card Found
    #####: 1074:	  drawCard(currentPlayer, state);
    #####: 1075:	  drawCard(currentPlayer, state);
        -: 1076:	}
        -: 1077:	else{//Action Card
    #####: 1078:	  state->numActions = state->numActions + 2;
        -: 1079:	}
        -: 1080:      }
        -: 1081:	    
    #####: 1082:      return 0;
        -: 1083:		
        -: 1084:    case ambassador:
    #####: 1085:      j = 0;		//used to check if player has enough cards to discard
        -: 1086:
    #####: 1087:      if (choice2 > 2 || choice2 < 0)
        -: 1088:	{
    #####: 1089:	  return -1;				
        -: 1090:	}
        -: 1091:
    #####: 1092:      if (choice1 == handPos)
        -: 1093:	{
    #####: 1094:	  return -1;
        -: 1095:	}
        -: 1096:
    #####: 1097:      for (i = 0; i < state->handCount[currentPlayer]; i++)
        -: 1098:	{
    #####: 1099:	  if (i != handPos && i == state->hand[currentPlayer][choice1] && i != choice1)
        -: 1100:	    {
    #####: 1101:	      j++;
        -: 1102:	    }
        -: 1103:	}
    #####: 1104:      if (j < choice2)
        -: 1105:	{
    #####: 1106:	  return -1;				
        -: 1107:	}
        -: 1108:
        -: 1109:      if (DEBUG) 
        -: 1110:	printf("Player %d reveals card number: %d\n", currentPlayer, state->hand[currentPlayer][choice1]);
        -: 1111:
        -: 1112:      //increase supply count for choosen card by amount being discarded
    #####: 1113:      state->supplyCount[state->hand[currentPlayer][choice1]] += choice2;
        -: 1114:			
        -: 1115:      //each other player gains a copy of revealed card
    #####: 1116:      for (i = 0; i < state->numPlayers; i++)
        -: 1117:	{
    #####: 1118:	  if (i != currentPlayer)
        -: 1119:	    {
    #####: 1120:	      gainCard(state->hand[currentPlayer][choice1], state, 0, i);
        -: 1121:	    }
        -: 1122:	}
        -: 1123:
        -: 1124:      //discard played card from hand
    #####: 1125:      discardCard(handPos, currentPlayer, state, 0);			
        -: 1126:
        -: 1127:      //trash copies of cards returned to supply
    #####: 1128:      for (j = 0; j < choice2; j++)
        -: 1129:	{
    #####: 1130:	  for (i = 0; i < state->handCount[currentPlayer]; i++)
        -: 1131:	    {
    #####: 1132:	      if (state->hand[currentPlayer][i] == state->hand[currentPlayer][choice1])
        -: 1133:		{
    #####: 1134:		  discardCard(i, currentPlayer, state, 1);
    #####: 1135:		  break;
        -: 1136:		}
        -: 1137:	    }
        -: 1138:	}			
        -: 1139:
    #####: 1140:      return 0;
        -: 1141:		
        -: 1142:    case cutpurse:
        -: 1143:
    #####: 1144:      updateCoins(currentPlayer, state, 2);
    #####: 1145:      for (i = 0; i < state->numPlayers; i++)
        -: 1146:	{
    #####: 1147:	  if (i != currentPlayer)
        -: 1148:	    {
    #####: 1149:	      for (j = 0; j < state->handCount[i]; j++)
        -: 1150:		{
    #####: 1151:		  if (state->hand[i][j] == copper)
        -: 1152:		    {
    #####: 1153:		      discardCard(j, i, state, 0);
    #####: 1154:		      break;
        -: 1155:		    }
    #####: 1156:		  if (j == state->handCount[i])
        -: 1157:		    {
    #####: 1158:		      for (k = 0; k < state->handCount[i]; k++)
        -: 1159:			{
        -: 1160:			  if (DEBUG)
        -: 1161:			    printf("Player %d reveals card number %d\n", i, state->hand[i][k]);
        -: 1162:			}	
    #####: 1163:		      break;
        -: 1164:		    }		
        -: 1165:		}
        -: 1166:					
        -: 1167:	    }
        -: 1168:				
        -: 1169:	}				
        -: 1170:
        -: 1171:      //discard played card from hand
    #####: 1172:      discardCard(handPos, currentPlayer, state, 0);			
        -: 1173:
    #####: 1174:      return 0;
        -: 1175:
        -: 1176:		
        -: 1177:    case embargo: 
        -: 1178:      //+2 Coins
    #####: 1179:      state->coins = state->coins + 2;
        -: 1180:			
        -: 1181:      //see if selected pile is in play
    #####: 1182:      if ( state->supplyCount[choice1] == -1 )
        -: 1183:	{
    #####: 1184:	  return -1;
        -: 1185:	}
        -: 1186:			
        -: 1187:      //add embargo token to selected supply pile
    #####: 1188:      state->embargoTokens[choice1]++;
        -: 1189:			
        -: 1190:      //trash card
    #####: 1191:      discardCard(handPos, currentPlayer, state, 1);		
    #####: 1192:      return 0;
        -: 1193:		
        -: 1194:    case outpost:
        -: 1195:      //set outpost flag
    #####: 1196:      state->outpostPlayed++;
        -: 1197:			
        -: 1198:      //discard card
    #####: 1199:      discardCard(handPos, currentPlayer, state, 0);
    #####: 1200:      return 0;
        -: 1201:		
        -: 1202:    case salvager:
        -: 1203:      //+1 buy
    #####: 1204:      state->numBuys++;
        -: 1205:			
    #####: 1206:      if (choice1)
        -: 1207:	{
        -: 1208:	  //gain coins equal to trashed card
    #####: 1209:	  state->coins = state->coins + getCost( handCard(choice1, state) );
        -: 1210:	  //trash card
    #####: 1211:	  discardCard(choice1, currentPlayer, state, 1);	
        -: 1212:	}
        -: 1213:			
        -: 1214:      //discard card
    #####: 1215:      discardCard(handPos, currentPlayer, state, 0);
    #####: 1216:      return 0;
        -: 1217:		
        -: 1218:    case sea_hag:
    #####: 1219:      for (i = 0; i < state->numPlayers; i++){
    #####: 1220:	if (i != currentPlayer){
    #####: 1221:	  state->discard[i][state->discardCount[i]] = state->deck[i][state->deckCount[i]--];			    state->deckCount[i]--;
    #####: 1222:	  state->discardCount[i]++;
    #####: 1223:	  state->deck[i][state->deckCount[i]--] = curse;//Top card now a curse
        -: 1224:	}
        -: 1225:      }
    #####: 1226:      return 0;
        -: 1227:		
        -: 1228:    case treasure_map:
        -: 1229:      //search hand for another treasure_map
    #####: 1230:      index = -1;
    #####: 1231:      for (i = 0; i < state->handCount[currentPlayer]; i++)
        -: 1232:	{
    #####: 1233:	  if (state->hand[currentPlayer][i] == treasure_map && i != handPos)
        -: 1234:	    {
    #####: 1235:	      index = i;
    #####: 1236:	      break;
        -: 1237:	    }
        -: 1238:	}
    #####: 1239:      if (index > -1)
        -: 1240:	{
        -: 1241:	  //trash both treasure cards
    #####: 1242:	  discardCard(handPos, currentPlayer, state, 1);
    #####: 1243:	  discardCard(index, currentPlayer, state, 1);
        -: 1244:
        -: 1245:	  //gain 4 Gold cards
    #####: 1246:	  for (i = 0; i < 4; i++)
        -: 1247:	    {
    #####: 1248:	      gainCard(gold, state, 1, currentPlayer);
        -: 1249:	    }
        -: 1250:				
        -: 1251:	  //return success
    #####: 1252:	  return 1;
        -: 1253:	}
        -: 1254:			
        -: 1255:      //no second treasure_map found in hand
    #####: 1256:      return -1;
        -: 1257:    }
        -: 1258:	
    #####: 1259:  return -1;
        -: 1260:}
        -: 1261:
  2314807: 1262:int discardCard(int handPos, int currentPlayer, struct gameState *state, int trashFlag)
        -: 1263:{
        -: 1264:	
        -: 1265:  //if card is not trashed, added to Played pile 
  2314807: 1266:  if (trashFlag < 1)
        -: 1267:    {
        -: 1268:      //add card to played pile
  2314807: 1269:      state->playedCards[state->playedCardCount] = state->hand[currentPlayer][handPos]; 
  2314807: 1270:      state->playedCardCount++;
        -: 1271:    }
        -: 1272:	
        -: 1273:  //set played card to -1
  2314807: 1274:  state->hand[currentPlayer][handPos] = -1;
        -: 1275:	
        -: 1276:  //remove card from player's hand
  2314807: 1277:  if ( handPos == (state->handCount[currentPlayer] - 1) ) 	//last card in hand array is played
        -: 1278:    {
        -: 1279:      //reduce number of cards in hand
    66534: 1280:      state->handCount[currentPlayer]--;
        -: 1281:    }
  2248273: 1282:  else if ( state->handCount[currentPlayer] == 1 ) //only one card in hand
        -: 1283:    {
        -: 1284:      //reduce number of cards in hand
    57808: 1285:      state->handCount[currentPlayer]--;
        -: 1286:    }
        -: 1287:  else 	
        -: 1288:    {
        -: 1289:      //replace discarded card with last card in hand
  2190465: 1290:      state->hand[currentPlayer][handPos] = state->hand[currentPlayer][ (state->handCount[currentPlayer] - 1)];
        -: 1291:      //set last card to -1
  2190465: 1292:      state->hand[currentPlayer][state->handCount[currentPlayer] - 1] = -1;
        -: 1293:      //reduce number of cards in hand
  2190465: 1294:      state->handCount[currentPlayer]--;
        -: 1295:    }
        -: 1296:	
  2314807: 1297:  return 0;
        -: 1298:}
        -: 1299:
      211: 1300:int gainCard(int supplyPos, struct gameState *state, int toFlag, int player)
        -: 1301:{
        -: 1302:  //Note: supplyPos is enum of choosen card
        -: 1303:	
        -: 1304:  //check if supply pile is empty (0) or card is not used in game (-1)
      211: 1305:  if ( supplyCount(supplyPos, state) < 1 )
        -: 1306:    {
       13: 1307:      return -1;
        -: 1308:    }
        -: 1309:	
        -: 1310:  //added card for [whoseTurn] current player:
        -: 1311:  // toFlag = 0 : add to discard
        -: 1312:  // toFlag = 1 : add to deck
        -: 1313:  // toFlag = 2 : add to hand
        -: 1314:
      198: 1315:  if (toFlag == 1)
        -: 1316:    {
       94: 1317:      state->deck[ player ][ state->deckCount[player] ] = supplyPos;
       94: 1318:      state->deckCount[player]++;
        -: 1319:    }
      104: 1320:  else if (toFlag == 2)
        -: 1321:    {
       78: 1322:      state->hand[ player ][ state->handCount[player] ] = supplyPos;
       78: 1323:      state->handCount[player]++;
        -: 1324:    }
        -: 1325:  else
        -: 1326:    {
       26: 1327:      state->discard[player][ state->discardCount[player] ] = supplyPos;
       26: 1328:      state->discardCount[player]++;
        -: 1329:    }
        -: 1330:	
        -: 1331:  //decrease number in supply pile
      198: 1332:  state->supplyCount[supplyPos]--;
        -: 1333:	 
      198: 1334:  return 0;
        -: 1335:}
        -: 1336:
  1670090: 1337:int updateCoins(int player, struct gameState *state, int bonus)
        -: 1338:{
        -: 1339:  int i;
        -: 1340:	
        -: 1341:  //reset coin count
  1670090: 1342:  state->coins = 0;
        -: 1343:
        -: 1344:  //add coins for each Treasure card in player's hand
 10020540: 1345:  for (i = 0; i < state->handCount[player]; i++)
        -: 1346:    {
  8350450: 1347:      if (state->hand[player][i] == copper)
        -: 1348:	{
  6513289: 1349:	  state->coins += 1;
        -: 1350:	}
  1837161: 1351:      else if (state->hand[player][i] == silver)
        -: 1352:	{
    #####: 1353:	  state->coins += 2;
        -: 1354:	}
  1837161: 1355:      else if (state->hand[player][i] == gold)
        -: 1356:	{
    #####: 1357:	  state->coins += 3;
        -: 1358:	}	
        -: 1359:    }	
        -: 1360:
        -: 1361:  //add bonus
  1670090: 1362:  state->coins += bonus;
        -: 1363:
  1670090: 1364:  return 0;
        -: 1365:}
        -: 1366:
        -: 1367:
        -: 1368://end of dominion.c
        -: 1369:
